Using pre-set license
Built from '2020.3/staging' branch; Version is '2020.3.10f1 (297d780c91bc) revision 2719096'; Using compiler version '192528614'; Build Type 'Release'
OS: 'Windows 10 Home; OS build 19042.985; Version 2009; 64bit' Language: 'en' Physical Memory: 32725 MB
BatchMode: 1, IsHumanControllingUs: 0, StartBugReporterOnCrash: 0, Is64bit: 1, IsPro: 0

 COMMAND LINE ARGUMENTS:
C:\Program Files\Unity\Hub\Editor\2020.3.10f1\Editor\Unity.exe
-adb2
-batchMode
-noUpm
-name
AssetImportWorker1
-projectPath
C:/Users/mattw/Desktop/Unity Projects/Slidey Cube
-logFile
Logs/AssetImportWorker1.log
-srvPort
64531
Successfully changed project path to: C:/Users/mattw/Desktop/Unity Projects/Slidey Cube
C:/Users/mattw/Desktop/Unity Projects/Slidey Cube
Using Asset Import Pipeline V2.
Refreshing native plugins compatible for Editor in 60.30 ms, found 2 plugins.
Preloading 0 native plugins for Editor in 0.00 ms.
Initialize engine version: 2020.3.10f1 (297d780c91bc)
[Subsystems] Discovering subsystems at path C:/Program Files/Unity/Hub/Editor/2020.3.10f1/Editor/Data/Resources/UnitySubsystems
[Subsystems] Discovering subsystems at path C:/Users/mattw/Desktop/Unity Projects/Slidey Cube/Assets
GfxDevice: creating device client; threaded=0
Direct3D:
    Version:  Direct3D 11.0 [level 11.1]
    Renderer: Radeon (TM) RX 480 Graphics (ID=0x67df)
    Vendor:   
    VRAM:     8171 MB
    Driver:   27.20.21003.8013
Initialize mono
Mono path[0] = 'C:/Program Files/Unity/Hub/Editor/2020.3.10f1/Editor/Data/Managed'
Mono path[1] = 'C:/Program Files/Unity/Hub/Editor/2020.3.10f1/Editor/Data/MonoBleedingEdge/lib/mono/unityjit'
Mono config path = 'C:/Program Files/Unity/Hub/Editor/2020.3.10f1/Editor/Data/MonoBleedingEdge/etc'
Using monoOptions --debugger-agent=transport=dt_socket,embedding=1,server=y,suspend=n,address=127.0.0.1:56748
Begin MonoManager ReloadAssembly
Registering precompiled unity dll's ...
Register platform support module: C:/Program Files/Unity/Hub/Editor/2020.3.10f1/Editor/Data/PlaybackEngines/WebGLSupport/UnityEditor.WebGL.Extensions.dll
Register platform support module: C:/Program Files/Unity/Hub/Editor/2020.3.10f1/Editor/Data/PlaybackEngines/MacStandaloneSupport/UnityEditor.OSXStandalone.Extensions.dll
Register platform support module: C:/Program Files/Unity/Hub/Editor/2020.3.10f1/Editor/Data/PlaybackEngines/WindowsStandaloneSupport/UnityEditor.WindowsStandalone.Extensions.dll
Register platform support module: C:/Program Files/Unity/Hub/Editor/2020.3.10f1/Editor/Data/PlaybackEngines/LinuxStandaloneSupport/UnityEditor.LinuxStandalone.Extensions.dll
Register platform support module: C:/Program Files/Unity/Hub/Editor/2020.3.10f1/Editor/Data/PlaybackEngines/LuminSupport/UnityEditor.Lumin.Extensions.dll
Registered in 0.008354 seconds.
Native extension for Lumin target not found
Native extension for LinuxStandalone target not found
Native extension for WindowsStandalone target not found
Native extension for OSXStandalone target not found
Native extension for WebGL target not found
Refreshing native plugins compatible for Editor in 57.09 ms, found 2 plugins.
Preloading 0 native plugins for Editor in 0.00 ms.
Mono: successfully reloaded assembly
- Completed reload, in  4.357 seconds
Platform modules already initialized, skipping
Registering precompiled user dll's ...
Registered in 0.008749 seconds.
Begin MonoManager ReloadAssembly
Native extension for Lumin target not found
Native extension for LinuxStandalone target not found
Native extension for WindowsStandalone target not found
Native extension for OSXStandalone target not found
Native extension for WebGL target not found
Refreshing native plugins compatible for Editor in 55.66 ms, found 2 plugins.
Preloading 0 native plugins for Editor in 0.00 ms.
Mono: successfully reloaded assembly
- Completed reload, in  2.701 seconds
Platform modules already initialized, skipping
========================================================================
Worker process is ready to serve import requests
Launched and connected shader compiler UnityShaderCompiler.exe after 0.11 seconds
Refreshing native plugins compatible for Editor in 0.55 ms, found 2 plugins.
Preloading 0 native plugins for Editor in 0.00 ms.
Unloading 1706 Unused Serialized files (Serialized files now loaded: 0)
System memory in use before: 76.9 MB.
System memory in use after: 76.9 MB.

Unloading 20 unused Assets to reduce memory usage. Loaded Objects now: 2142.
Total: 2.888700 ms (FindLiveObjects: 0.339100 ms CreateObjectMapping: 0.087900 ms MarkObjects: 2.375200 ms  DeleteObjects: 0.084900 ms)

========================================================================
Received Import Request.
  path: Assets/Audio/AudioMix.mixer
  artifactKey: Guid(eab6ffd7de8f739448bef7f96a4af27a) Importer(815301076,1909f56bfc062723c751e8b465ee728b)
Start importing Assets/Audio/AudioMix.mixer using Guid(eab6ffd7de8f739448bef7f96a4af27a) Importer(815301076,1909f56bfc062723c751e8b465ee728b)  -> (artifact id: '9b7e90484856fcd3357971e731ac1eb2') in 0.051343 seconds
  Import took 0.055222 seconds .

========================================================================
Received Import Request.
  Time since last request: 2.012009 seconds.
  path: Assets/Audio/AudioMix.mixer
  artifactKey: Guid(eab6ffd7de8f739448bef7f96a4af27a) Importer(815301076,1909f56bfc062723c751e8b465ee728b)
Start importing Assets/Audio/AudioMix.mixer using Guid(eab6ffd7de8f739448bef7f96a4af27a) Importer(815301076,1909f56bfc062723c751e8b465ee728b)  -> (artifact id: '9b7e90484856fcd3357971e731ac1eb2') in 0.005499 seconds
  Import took 0.010400 seconds .

========================================================================
Received Import Request.
  Time since last request: 79.851223 seconds.
  path: Assets/Audio/AudioMix.mixer
  artifactKey: Guid(eab6ffd7de8f739448bef7f96a4af27a) Importer(815301076,1909f56bfc062723c751e8b465ee728b)
Start importing Assets/Audio/AudioMix.mixer using Guid(eab6ffd7de8f739448bef7f96a4af27a) Importer(815301076,1909f56bfc062723c751e8b465ee728b)  -> (artifact id: 'bfd2ea32d2e61ddc7595ac86acc55d3c') in 0.005929 seconds
  Import took 0.010066 seconds .

========================================================================
Received Import Request.
  Time since last request: 476.769845 seconds.
  path: Assets/Audio/AudioMix.mixer
  artifactKey: Guid(eab6ffd7de8f739448bef7f96a4af27a) Importer(815301076,1909f56bfc062723c751e8b465ee728b)
Start importing Assets/Audio/AudioMix.mixer using Guid(eab6ffd7de8f739448bef7f96a4af27a) Importer(815301076,1909f56bfc062723c751e8b465ee728b)  -> (artifact id: '0798896a2c492b755164d58da6711449') in 0.006419 seconds
  Import took 0.011251 seconds .

========================================================================
Received Import Request.
  Time since last request: 0.000331 seconds.
  path: Assets/Audio/ThemeMusic.prefab
  artifactKey: Guid(9ee98ca6b461446418d51bda3e9445a9) Importer(815301076,1909f56bfc062723c751e8b465ee728b)
Start importing Assets/Audio/ThemeMusic.prefab using Guid(9ee98ca6b461446418d51bda3e9445a9) Importer(815301076,1909f56bfc062723c751e8b465ee728b)  -> (artifact id: 'ada4c8f996069dbd0cef439169bb5348') in 0.039809 seconds
  Import took 0.044561 seconds .

========================================================================
Received Prepare
Registering precompiled user dll's ...
Registered in 0.010925 seconds.
Begin MonoManager ReloadAssembly
Native extension for Lumin target not found
Native extension for LinuxStandalone target not found
Native extension for WindowsStandalone target not found
Native extension for OSXStandalone target not found
Native extension for WebGL target not found
Refreshing native plugins compatible for Editor in 0.59 ms, found 2 plugins.
Preloading 0 native plugins for Editor in 0.00 ms.
Mono: successfully reloaded assembly
- Completed reload, in  1.864 seconds
Platform modules already initialized, skipping
Refreshing native plugins compatible for Editor in 0.58 ms, found 2 plugins.
Preloading 0 native plugins for Editor in 0.00 ms.
Unloading 1699 Unused Serialized files (Serialized files now loaded: 0)
System memory in use before: 76.8 MB.
System memory in use after: 76.9 MB.

Unloading 13 unused Assets to reduce memory usage. Loaded Objects now: 2145.
Total: 3.113600 ms (FindLiveObjects: 0.368300 ms CreateObjectMapping: 0.088700 ms MarkObjects: 2.627400 ms  DeleteObjects: 0.027400 ms)

========================================================================
Received Prepare
Registering precompiled user dll's ...
Registered in 0.008953 seconds.
Begin MonoManager ReloadAssembly
Native extension for Lumin target not found
Native extension for LinuxStandalone target not found
Native extension for WindowsStandalone target not found
Native extension for OSXStandalone target not found
Native extension for WebGL target not found
Refreshing native plugins compatible for Editor in 0.57 ms, found 2 plugins.
Preloading 0 native plugins for Editor in 0.00 ms.
Mono: successfully reloaded assembly
- Completed reload, in  1.634 seconds
Platform modules already initialized, skipping
Refreshing native plugins compatible for Editor in 0.56 ms, found 2 plugins.
Preloading 0 native plugins for Editor in 0.00 ms.
Unloading 1699 Unused Serialized files (Serialized files now loaded: 0)
System memory in use before: 76.9 MB.
System memory in use after: 77.0 MB.

Unloading 13 unused Assets to reduce memory usage. Loaded Objects now: 2148.
Total: 3.167100 ms (FindLiveObjects: 0.324200 ms CreateObjectMapping: 0.301300 ms MarkObjects: 2.501900 ms  DeleteObjects: 0.038300 ms)

========================================================================
Received Prepare
Registering precompiled user dll's ...
Registered in 0.007966 seconds.
Begin MonoManager ReloadAssembly
Native extension for Lumin target not found
Native extension for LinuxStandalone target not found
Native extension for WindowsStandalone target not found
Native extension for OSXStandalone target not found
Native extension for WebGL target not found
Refreshing native plugins compatible for Editor in 0.59 ms, found 2 plugins.
Preloading 0 native plugins for Editor in 0.00 ms.
Mono: successfully reloaded assembly
- Completed reload, in  1.631 seconds
Platform modules already initialized, skipping
Refreshing native plugins compatible for Editor in 0.57 ms, found 2 plugins.
Preloading 0 native plugins for Editor in 0.00 ms.
Unloading 1699 Unused Serialized files (Serialized files now loaded: 0)
System memory in use before: 76.9 MB.
System memory in use after: 77.0 MB.

Unloading 13 unused Assets to reduce memory usage. Loaded Objects now: 2151.
Total: 2.923200 ms (FindLiveObjects: 0.330400 ms CreateObjectMapping: 0.083500 ms MarkObjects: 2.483500 ms  DeleteObjects: 0.024400 ms)

========================================================================
Received Prepare
Registering precompiled user dll's ...
Registered in 0.008587 seconds.
Begin MonoManager ReloadAssembly
Native extension for Lumin target not found
Native extension for LinuxStandalone target not found
Native extension for WindowsStandalone target not found
Native extension for OSXStandalone target not found
Native extension for WebGL target not found
Refreshing native plugins compatible for Editor in 0.57 ms, found 2 plugins.
Preloading 0 native plugins for Editor in 0.00 ms.
Mono: successfully reloaded assembly
- Completed reload, in  1.624 seconds
Platform modules already initialized, skipping
Refreshing native plugins compatible for Editor in 0.58 ms, found 2 plugins.
Preloading 0 native plugins for Editor in 0.00 ms.
Unloading 1699 Unused Serialized files (Serialized files now loaded: 0)
System memory in use before: 76.9 MB.
System memory in use after: 77.0 MB.

Unloading 13 unused Assets to reduce memory usage. Loaded Objects now: 2154.
Total: 2.827300 ms (FindLiveObjects: 0.317600 ms CreateObjectMapping: 0.084700 ms MarkObjects: 2.396100 ms  DeleteObjects: 0.027600 ms)

========================================================================
Received Prepare
Registering precompiled user dll's ...
Registered in 0.008842 seconds.
Begin MonoManager ReloadAssembly
Native extension for Lumin target not found
Native extension for LinuxStandalone target not found
Native extension for WindowsStandalone target not found
Native extension for OSXStandalone target not found
Native extension for WebGL target not found
Refreshing native plugins compatible for Editor in 0.58 ms, found 2 plugins.
Preloading 0 native plugins for Editor in 0.00 ms.
Mono: successfully reloaded assembly
- Completed reload, in  1.705 seconds
Platform modules already initialized, skipping
Refreshing native plugins compatible for Editor in 0.59 ms, found 2 plugins.
Preloading 0 native plugins for Editor in 0.00 ms.
Unloading 1699 Unused Serialized files (Serialized files now loaded: 0)
System memory in use before: 76.9 MB.
System memory in use after: 77.0 MB.

Unloading 13 unused Assets to reduce memory usage. Loaded Objects now: 2157.
Total: 2.959400 ms (FindLiveObjects: 0.325300 ms CreateObjectMapping: 0.093600 ms MarkObjects: 2.515000 ms  DeleteObjects: 0.024400 ms)

========================================================================
Received Prepare
Registering precompiled user dll's ...
Registered in 0.009422 seconds.
Begin MonoManager ReloadAssembly
Native extension for Lumin target not found
Native extension for LinuxStandalone target not found
Native extension for WindowsStandalone target not found
Native extension for OSXStandalone target not found
Native extension for WebGL target not found
Refreshing native plugins compatible for Editor in 0.62 ms, found 2 plugins.
Preloading 0 native plugins for Editor in 0.00 ms.
Mono: successfully reloaded assembly
- Completed reload, in  1.785 seconds
Platform modules already initialized, skipping
Refreshing native plugins compatible for Editor in 0.56 ms, found 2 plugins.
Preloading 0 native plugins for Editor in 0.00 ms.
Unloading 1699 Unused Serialized files (Serialized files now loaded: 0)
System memory in use before: 76.9 MB.
System memory in use after: 77.0 MB.

Unloading 13 unused Assets to reduce memory usage. Loaded Objects now: 2160.
Total: 2.787400 ms (FindLiveObjects: 0.305000 ms CreateObjectMapping: 0.084700 ms MarkObjects: 2.376200 ms  DeleteObjects: 0.020200 ms)

========================================================================
Received Prepare
Registering precompiled user dll's ...
Registered in 0.008440 seconds.
Begin MonoManager ReloadAssembly
Native extension for Lumin target not found
Native extension for LinuxStandalone target not found
Native extension for WindowsStandalone target not found
Native extension for OSXStandalone target not found
Native extension for WebGL target not found
Refreshing native plugins compatible for Editor in 0.58 ms, found 2 plugins.
Preloading 0 native plugins for Editor in 0.00 ms.
Mono: successfully reloaded assembly
- Completed reload, in  1.634 seconds
Platform modules already initialized, skipping
Refreshing native plugins compatible for Editor in 0.67 ms, found 2 plugins.
Preloading 0 native plugins for Editor in 0.00 ms.
Unloading 1699 Unused Serialized files (Serialized files now loaded: 0)
System memory in use before: 76.9 MB.
System memory in use after: 77.0 MB.

Unloading 13 unused Assets to reduce memory usage. Loaded Objects now: 2163.
Total: 2.990400 ms (FindLiveObjects: 0.294900 ms CreateObjectMapping: 0.085500 ms MarkObjects: 2.583000 ms  DeleteObjects: 0.025800 ms)

========================================================================
Received Prepare
Registering precompiled user dll's ...
Registered in 0.008906 seconds.
Begin MonoManager ReloadAssembly
Native extension for Lumin target not found
Native extension for LinuxStandalone target not found
Native extension for WindowsStandalone target not found
Native extension for OSXStandalone target not found
Native extension for WebGL target not found
Refreshing native plugins compatible for Editor in 0.57 ms, found 2 plugins.
Preloading 0 native plugins for Editor in 0.00 ms.
Mono: successfully reloaded assembly
- Completed reload, in  1.588 seconds
Platform modules already initialized, skipping
Refreshing native plugins compatible for Editor in 0.57 ms, found 2 plugins.
Preloading 0 native plugins for Editor in 0.00 ms.
Unloading 1699 Unused Serialized files (Serialized files now loaded: 0)
System memory in use before: 76.9 MB.
System memory in use after: 77.0 MB.

Unloading 13 unused Assets to reduce memory usage. Loaded Objects now: 2166.
Total: 3.054300 ms (FindLiveObjects: 0.317100 ms CreateObjectMapping: 0.085200 ms MarkObjects: 2.627900 ms  DeleteObjects: 0.022500 ms)

========================================================================
Received Prepare
Registering precompiled user dll's ...
Registered in 0.009761 seconds.
Begin MonoManager ReloadAssembly
Native extension for Lumin target not found
Native extension for LinuxStandalone target not found
Native extension for WindowsStandalone target not found
Native extension for OSXStandalone target not found
Native extension for WebGL target not found
Refreshing native plugins compatible for Editor in 0.59 ms, found 2 plugins.
Preloading 0 native plugins for Editor in 0.00 ms.
Mono: successfully reloaded assembly
- Completed reload, in  1.625 seconds
Platform modules already initialized, skipping
Refreshing native plugins compatible for Editor in 0.56 ms, found 2 plugins.
Preloading 0 native plugins for Editor in 0.00 ms.
Unloading 1699 Unused Serialized files (Serialized files now loaded: 0)
System memory in use before: 76.9 MB.
System memory in use after: 77.0 MB.

Unloading 13 unused Assets to reduce memory usage. Loaded Objects now: 2169.
Total: 2.789100 ms (FindLiveObjects: 0.318000 ms CreateObjectMapping: 0.096900 ms MarkObjects: 2.353300 ms  DeleteObjects: 0.019700 ms)

========================================================================
Received Prepare
Registering precompiled user dll's ...
Registered in 0.007948 seconds.
Begin MonoManager ReloadAssembly
Native extension for Lumin target not found
Native extension for LinuxStandalone target not found
Native extension for WindowsStandalone target not found
Native extension for OSXStandalone target not found
Native extension for WebGL target not found
Refreshing native plugins compatible for Editor in 0.59 ms, found 2 plugins.
Preloading 0 native plugins for Editor in 0.00 ms.
Mono: successfully reloaded assembly
- Completed reload, in  1.605 seconds
Platform modules already initialized, skipping
Refreshing native plugins compatible for Editor in 0.59 ms, found 2 plugins.
Preloading 0 native plugins for Editor in 0.00 ms.
Unloading 1699 Unused Serialized files (Serialized files now loaded: 0)
System memory in use before: 76.9 MB.
System memory in use after: 77.0 MB.

Unloading 13 unused Assets to reduce memory usage. Loaded Objects now: 2172.
Total: 2.962300 ms (FindLiveObjects: 0.323900 ms CreateObjectMapping: 0.085100 ms MarkObjects: 2.531800 ms  DeleteObjects: 0.020200 ms)

========================================================================
Received Prepare
Registering precompiled user dll's ...
Registered in 0.008527 seconds.
Begin MonoManager ReloadAssembly
Native extension for Lumin target not found
Native extension for LinuxStandalone target not found
Native extension for WindowsStandalone target not found
Native extension for OSXStandalone target not found
Native extension for WebGL target not found
Refreshing native plugins compatible for Editor in 0.66 ms, found 2 plugins.
Preloading 0 native plugins for Editor in 0.00 ms.
Mono: successfully reloaded assembly
- Completed reload, in  1.637 seconds
Platform modules already initialized, skipping
Refreshing native plugins compatible for Editor in 0.59 ms, found 2 plugins.
Preloading 0 native plugins for Editor in 0.00 ms.
Unloading 1699 Unused Serialized files (Serialized files now loaded: 0)
System memory in use before: 76.9 MB.
System memory in use after: 77.1 MB.

Unloading 13 unused Assets to reduce memory usage. Loaded Objects now: 2175.
Total: 2.899900 ms (FindLiveObjects: 0.325900 ms CreateObjectMapping: 0.086300 ms MarkObjects: 2.461900 ms  DeleteObjects: 0.024500 ms)

========================================================================
Received Prepare
Registering precompiled user dll's ...
Registered in 0.008165 seconds.
Begin MonoManager ReloadAssembly
Native extension for Lumin target not found
Native extension for LinuxStandalone target not found
Native extension for WindowsStandalone target not found
Native extension for OSXStandalone target not found
Native extension for WebGL target not found
Refreshing native plugins compatible for Editor in 0.62 ms, found 2 plugins.
Preloading 0 native plugins for Editor in 0.00 ms.
Mono: successfully reloaded assembly
- Completed reload, in  1.635 seconds
Platform modules already initialized, skipping
Refreshing native plugins compatible for Editor in 0.55 ms, found 2 plugins.
Preloading 0 native plugins for Editor in 0.00 ms.
Unloading 1699 Unused Serialized files (Serialized files now loaded: 0)
System memory in use before: 77.0 MB.
System memory in use after: 77.1 MB.

Unloading 13 unused Assets to reduce memory usage. Loaded Objects now: 2178.
Total: 3.056600 ms (FindLiveObjects: 0.344900 ms CreateObjectMapping: 0.087500 ms MarkObjects: 2.599500 ms  DeleteObjects: 0.023400 ms)

========================================================================
Received Prepare
Registering precompiled user dll's ...
Registered in 0.008551 seconds.
Begin MonoManager ReloadAssembly
Native extension for Lumin target not found
Native extension for LinuxStandalone target not found
Native extension for WindowsStandalone target not found
Native extension for OSXStandalone target not found
Native extension for WebGL target not found
Refreshing native plugins compatible for Editor in 0.59 ms, found 2 plugins.
Preloading 0 native plugins for Editor in 0.00 ms.
Mono: successfully reloaded assembly
- Completed reload, in  1.594 seconds
Platform modules already initialized, skipping
Refreshing native plugins compatible for Editor in 0.63 ms, found 2 plugins.
Preloading 0 native plugins for Editor in 0.00 ms.
Unloading 1699 Unused Serialized files (Serialized files now loaded: 0)
System memory in use before: 77.0 MB.
System memory in use after: 77.1 MB.

Unloading 13 unused Assets to reduce memory usage. Loaded Objects now: 2181.
Total: 3.559600 ms (FindLiveObjects: 0.318400 ms CreateObjectMapping: 0.088300 ms MarkObjects: 3.124500 ms  DeleteObjects: 0.026500 ms)

========================================================================
Received Prepare
Registering precompiled user dll's ...
Registered in 0.008467 seconds.
Begin MonoManager ReloadAssembly
Native extension for Lumin target not found
Native extension for LinuxStandalone target not found
Native extension for WindowsStandalone target not found
Native extension for OSXStandalone target not found
Native extension for WebGL target not found
Refreshing native plugins compatible for Editor in 0.55 ms, found 2 plugins.
Preloading 0 native plugins for Editor in 0.00 ms.
Mono: successfully reloaded assembly
- Completed reload, in  1.730 seconds
Platform modules already initialized, skipping
Refreshing native plugins compatible for Editor in 0.60 ms, found 2 plugins.
Preloading 0 native plugins for Editor in 0.00 ms.
Unloading 1699 Unused Serialized files (Serialized files now loaded: 0)
System memory in use before: 77.0 MB.
System memory in use after: 77.1 MB.

Unloading 13 unused Assets to reduce memory usage. Loaded Objects now: 2184.
Total: 2.979700 ms (FindLiveObjects: 0.300200 ms CreateObjectMapping: 0.087400 ms MarkObjects: 2.565900 ms  DeleteObjects: 0.025000 ms)

========================================================================
Received Prepare
Registering precompiled user dll's ...
Registered in 0.008523 seconds.
Begin MonoManager ReloadAssembly
Native extension for Lumin target not found
Native extension for LinuxStandalone target not found
Native extension for WindowsStandalone target not found
Native extension for OSXStandalone target not found
Native extension for WebGL target not found
Refreshing native plugins compatible for Editor in 0.57 ms, found 2 plugins.
Preloading 0 native plugins for Editor in 0.00 ms.
Mono: successfully reloaded assembly
- Completed reload, in  1.603 seconds
Platform modules already initialized, skipping
Refreshing native plugins compatible for Editor in 0.57 ms, found 2 plugins.
Preloading 0 native plugins for Editor in 0.00 ms.
Unloading 1699 Unused Serialized files (Serialized files now loaded: 0)
System memory in use before: 77.0 MB.
System memory in use after: 77.1 MB.

Unloading 13 unused Assets to reduce memory usage. Loaded Objects now: 2187.
Total: 3.748500 ms (FindLiveObjects: 0.432700 ms CreateObjectMapping: 0.131300 ms MarkObjects: 3.157400 ms  DeleteObjects: 0.025500 ms)

========================================================================
Received Prepare
Registering precompiled user dll's ...
Registered in 0.008092 seconds.
Begin MonoManager ReloadAssembly
Native extension for Lumin target not found
Native extension for LinuxStandalone target not found
Native extension for WindowsStandalone target not found
Native extension for OSXStandalone target not found
Native extension for WebGL target not found
Refreshing native plugins compatible for Editor in 0.64 ms, found 2 plugins.
Preloading 0 native plugins for Editor in 0.00 ms.
Mono: successfully reloaded assembly
- Completed reload, in  1.628 seconds
Platform modules already initialized, skipping
Refreshing native plugins compatible for Editor in 0.56 ms, found 2 plugins.
Preloading 0 native plugins for Editor in 0.00 ms.
Unloading 1699 Unused Serialized files (Serialized files now loaded: 0)
System memory in use before: 77.0 MB.
System memory in use after: 77.1 MB.

Unloading 13 unused Assets to reduce memory usage. Loaded Objects now: 2190.
Total: 3.354500 ms (FindLiveObjects: 0.344200 ms CreateObjectMapping: 0.262200 ms MarkObjects: 2.722700 ms  DeleteObjects: 0.024000 ms)

========================================================================
Received Prepare
Registering precompiled user dll's ...
Registered in 0.008063 seconds.
Begin MonoManager ReloadAssembly
Native extension for Lumin target not found
Native extension for LinuxStandalone target not found
Native extension for WindowsStandalone target not found
Native extension for OSXStandalone target not found
Native extension for WebGL target not found
Refreshing native plugins compatible for Editor in 0.59 ms, found 2 plugins.
Preloading 0 native plugins for Editor in 0.00 ms.
Mono: successfully reloaded assembly
- Completed reload, in  1.602 seconds
Platform modules already initialized, skipping
Refreshing native plugins compatible for Editor in 0.64 ms, found 2 plugins.
Preloading 0 native plugins for Editor in 0.00 ms.
Unloading 1699 Unused Serialized files (Serialized files now loaded: 0)
System memory in use before: 77.0 MB.
System memory in use after: 77.1 MB.

Unloading 13 unused Assets to reduce memory usage. Loaded Objects now: 2193.
Total: 2.850600 ms (FindLiveObjects: 0.333400 ms CreateObjectMapping: 0.102400 ms MarkObjects: 2.393000 ms  DeleteObjects: 0.020500 ms)

========================================================================
Received Prepare
Registering precompiled user dll's ...
Registered in 0.008199 seconds.
Begin MonoManager ReloadAssembly
Native extension for Lumin target not found
Native extension for LinuxStandalone target not found
Native extension for WindowsStandalone target not found
Native extension for OSXStandalone target not found
Native extension for WebGL target not found
Refreshing native plugins compatible for Editor in 0.60 ms, found 2 plugins.
Preloading 0 native plugins for Editor in 0.00 ms.
Mono: successfully reloaded assembly
- Completed reload, in  1.612 seconds
Platform modules already initialized, skipping
Refreshing native plugins compatible for Editor in 0.55 ms, found 2 plugins.
Preloading 0 native plugins for Editor in 0.00 ms.
Unloading 1699 Unused Serialized files (Serialized files now loaded: 0)
System memory in use before: 77.0 MB.
System memory in use after: 77.1 MB.

Unloading 13 unused Assets to reduce memory usage. Loaded Objects now: 2196.
Total: 3.005800 ms (FindLiveObjects: 0.314600 ms CreateObjectMapping: 0.098900 ms MarkObjects: 2.565500 ms  DeleteObjects: 0.025300 ms)

========================================================================
Received Prepare
Registering precompiled user dll's ...
Registered in 0.008524 seconds.
Begin MonoManager ReloadAssembly
Native extension for Lumin target not found
Native extension for LinuxStandalone target not found
Native extension for WindowsStandalone target not found
Native extension for OSXStandalone target not found
Native extension for WebGL target not found
Refreshing native plugins compatible for Editor in 0.58 ms, found 2 plugins.
Preloading 0 native plugins for Editor in 0.00 ms.
Mono: successfully reloaded assembly
- Completed reload, in  1.609 seconds
Platform modules already initialized, skipping
Refreshing native plugins compatible for Editor in 0.57 ms, found 2 plugins.
Preloading 0 native plugins for Editor in 0.00 ms.
Unloading 1699 Unused Serialized files (Serialized files now loaded: 0)
System memory in use before: 77.0 MB.
System memory in use after: 77.1 MB.

Unloading 13 unused Assets to reduce memory usage. Loaded Objects now: 2199.
Total: 3.031400 ms (FindLiveObjects: 0.311400 ms CreateObjectMapping: 0.090100 ms MarkObjects: 2.606000 ms  DeleteObjects: 0.022400 ms)

========================================================================
Received Prepare
Registering precompiled user dll's ...
Registered in 0.007878 seconds.
Begin MonoManager ReloadAssembly
Native extension for Lumin target not found
Native extension for LinuxStandalone target not found
Native extension for WindowsStandalone target not found
Native extension for OSXStandalone target not found
Native extension for WebGL target not found
Refreshing native plugins compatible for Editor in 0.60 ms, found 2 plugins.
Preloading 0 native plugins for Editor in 0.00 ms.
Mono: successfully reloaded assembly
- Completed reload, in  1.606 seconds
Platform modules already initialized, skipping
Refreshing native plugins compatible for Editor in 0.61 ms, found 2 plugins.
Preloading 0 native plugins for Editor in 0.00 ms.
Unloading 1699 Unused Serialized files (Serialized files now loaded: 0)
System memory in use before: 77.0 MB.
System memory in use after: 77.1 MB.

Unloading 13 unused Assets to reduce memory usage. Loaded Objects now: 2202.
Total: 3.085300 ms (FindLiveObjects: 0.297900 ms CreateObjectMapping: 0.082300 ms MarkObjects: 2.683400 ms  DeleteObjects: 0.020100 ms)

========================================================================
Received Prepare
Registering precompiled user dll's ...
Registered in 0.008656 seconds.
Begin MonoManager ReloadAssembly
Native extension for Lumin target not found
Native extension for LinuxStandalone target not found
Native extension for WindowsStandalone target not found
Native extension for OSXStandalone target not found
Native extension for WebGL target not found
Refreshing native plugins compatible for Editor in 0.56 ms, found 2 plugins.
Preloading 0 native plugins for Editor in 0.00 ms.
Mono: successfully reloaded assembly
- Completed reload, in  1.595 seconds
Platform modules already initialized, skipping
Refreshing native plugins compatible for Editor in 0.57 ms, found 2 plugins.
Preloading 0 native plugins for Editor in 0.00 ms.
Unloading 1699 Unused Serialized files (Serialized files now loaded: 0)
System memory in use before: 77.0 MB.
System memory in use after: 77.1 MB.

Unloading 13 unused Assets to reduce memory usage. Loaded Objects now: 2205.
Total: 2.926800 ms (FindLiveObjects: 0.322700 ms CreateObjectMapping: 0.085500 ms MarkObjects: 2.495800 ms  DeleteObjects: 0.021300 ms)

========================================================================
Received Prepare
Registering precompiled user dll's ...
Registered in 0.008274 seconds.
Begin MonoManager ReloadAssembly
Native extension for Lumin target not found
Native extension for LinuxStandalone target not found
Native extension for WindowsStandalone target not found
Native extension for OSXStandalone target not found
Native extension for WebGL target not found
Refreshing native plugins compatible for Editor in 0.60 ms, found 2 plugins.
Preloading 0 native plugins for Editor in 0.00 ms.
Mono: successfully reloaded assembly
- Completed reload, in  1.613 seconds
Platform modules already initialized, skipping
Refreshing native plugins compatible for Editor in 0.59 ms, found 2 plugins.
Preloading 0 native plugins for Editor in 0.00 ms.
Unloading 1699 Unused Serialized files (Serialized files now loaded: 0)
System memory in use before: 77.0 MB.
System memory in use after: 77.1 MB.

Unloading 13 unused Assets to reduce memory usage. Loaded Objects now: 2208.
Total: 2.912600 ms (FindLiveObjects: 0.294700 ms CreateObjectMapping: 0.092100 ms MarkObjects: 2.500000 ms  DeleteObjects: 0.024400 ms)

========================================================================
Received Import Request.
  Time since last request: 5751.204479 seconds.
  path: Assets/Audio/AudioMix.mixer
  artifactKey: Guid(eab6ffd7de8f739448bef7f96a4af27a) Importer(815301076,1909f56bfc062723c751e8b465ee728b)
Start importing Assets/Audio/AudioMix.mixer using Guid(eab6ffd7de8f739448bef7f96a4af27a) Importer(815301076,1909f56bfc062723c751e8b465ee728b)  -> (artifact id: 'e08a275c31313090f5af30ce3450240f') in 0.025184 seconds
  Import took 0.029134 seconds .

========================================================================
Received Import Request.
  Time since last request: 6.920454 seconds.
  path: Assets/Audio/POL-misc-impact-01.wav
  artifactKey: Guid(7136e9346872d6946b4e760bedc12151) Importer(815301076,1909f56bfc062723c751e8b465ee728b)
Start importing Assets/Audio/POL-misc-impact-01.wav using Guid(7136e9346872d6946b4e760bedc12151) Importer(815301076,1909f56bfc062723c751e8b465ee728b)  -> (artifact id: '2e5400d895a41fb6f40ad3e22460e7ce') in 0.160840 seconds
  Import took 0.165747 seconds .

========================================================================
Received Import Request.
  Time since last request: 0.000387 seconds.
  path: Assets/Audio/POL-misc-impact-07.wav
  artifactKey: Guid(7a7f241d85399154d967626e11bc3446) Importer(815301076,1909f56bfc062723c751e8b465ee728b)
Start importing Assets/Audio/POL-misc-impact-07.wav using Guid(7a7f241d85399154d967626e11bc3446) Importer(815301076,1909f56bfc062723c751e8b465ee728b)  -> (artifact id: '4741653b73ca475c6b1b0a4661ea40b9') in 0.040856 seconds
  Import took 0.047316 seconds .

========================================================================
Received Import Request.
  Time since last request: 0.000381 seconds.
  path: Assets/Audio/POL-misc-impact-06.wav
  artifactKey: Guid(335ae89b0fe7c8246a1a679841849106) Importer(815301076,1909f56bfc062723c751e8b465ee728b)
Start importing Assets/Audio/POL-misc-impact-06.wav using Guid(335ae89b0fe7c8246a1a679841849106) Importer(815301076,1909f56bfc062723c751e8b465ee728b)  -> (artifact id: '0807a8cc4898f5d2c6c00873c9197a41') in 0.034606 seconds
  Import took 0.039463 seconds .

========================================================================
Received Import Request.
  Time since last request: 0.000469 seconds.
  path: Assets/Audio/POL-misc-impact-09.wav
  artifactKey: Guid(633118441f4eb70498c8a8503817a9d1) Importer(815301076,1909f56bfc062723c751e8b465ee728b)
Start importing Assets/Audio/POL-misc-impact-09.wav using Guid(633118441f4eb70498c8a8503817a9d1) Importer(815301076,1909f56bfc062723c751e8b465ee728b)  -> (artifact id: '9586e83b5c582758ff95245ad2711953') in 0.029325 seconds
  Import took 0.034123 seconds .

========================================================================
Received Import Request.
  Time since last request: 0.000284 seconds.
  path: Assets/Audio/POL-misc-impact-04.wav
  artifactKey: Guid(1ee5fb6fdbba8914fb0eab953a940db4) Importer(815301076,1909f56bfc062723c751e8b465ee728b)
Start importing Assets/Audio/POL-misc-impact-04.wav using Guid(1ee5fb6fdbba8914fb0eab953a940db4) Importer(815301076,1909f56bfc062723c751e8b465ee728b)  -> (artifact id: '2a06a879062af247d7ac40ee9a6c776c') in 0.027970 seconds
  Import took 0.032510 seconds .

========================================================================
Received Import Request.
  Time since last request: 0.000317 seconds.
  path: Assets/Audio/POL-misc-impact-03.wav
  artifactKey: Guid(2c71cba7f71d7ea45b1a6854ebf70351) Importer(815301076,1909f56bfc062723c751e8b465ee728b)
Start importing Assets/Audio/POL-misc-impact-03.wav using Guid(2c71cba7f71d7ea45b1a6854ebf70351) Importer(815301076,1909f56bfc062723c751e8b465ee728b)  -> (artifact id: '56dd00bc99a5ea894f8764409d156d6f') in 0.021311 seconds
  Import took 0.025568 seconds .

========================================================================
Received Import Request.
  Time since last request: 0.000311 seconds.
  path: Assets/Audio/POL-misc-impact-08.wav
  artifactKey: Guid(94e50b125d692dd4e9876be00bdfcc58) Importer(815301076,1909f56bfc062723c751e8b465ee728b)
Start importing Assets/Audio/POL-misc-impact-08.wav using Guid(94e50b125d692dd4e9876be00bdfcc58) Importer(815301076,1909f56bfc062723c751e8b465ee728b)  -> (artifact id: '8a3639e88ace9d2f5b2529b8b899a556') in 0.029585 seconds
  Import took 0.033511 seconds .

========================================================================
Received Import Request.
  Time since last request: 0.000275 seconds.
  path: Assets/Audio/POL-misc-impact-05.wav
  artifactKey: Guid(b88d4724400779e4ab78f9040e9e5fd4) Importer(815301076,1909f56bfc062723c751e8b465ee728b)
Start importing Assets/Audio/POL-misc-impact-05.wav using Guid(b88d4724400779e4ab78f9040e9e5fd4) Importer(815301076,1909f56bfc062723c751e8b465ee728b)  -> (artifact id: 'a193af389216793434ad0a9dca2f4f8a') in 0.028884 seconds
  Import took 0.032935 seconds .

========================================================================
Received Import Request.
  Time since last request: 0.000341 seconds.
  path: Assets/Audio/POL-misc-impact-10.wav
  artifactKey: Guid(ce2ea05193e0bf144938f8c33df93717) Importer(815301076,1909f56bfc062723c751e8b465ee728b)
Start importing Assets/Audio/POL-misc-impact-10.wav using Guid(ce2ea05193e0bf144938f8c33df93717) Importer(815301076,1909f56bfc062723c751e8b465ee728b)  -> (artifact id: 'eee6b2a82b6796361e949487db902f51') in 0.021192 seconds
  Import took 0.025074 seconds .

========================================================================
Received Import Request.
  Time since last request: 0.000307 seconds.
  path: Assets/Audio/POL-misc-impact-02.wav
  artifactKey: Guid(04bdab220ddf53649ac53f586e5ea92d) Importer(815301076,1909f56bfc062723c751e8b465ee728b)
Start importing Assets/Audio/POL-misc-impact-02.wav using Guid(04bdab220ddf53649ac53f586e5ea92d) Importer(815301076,1909f56bfc062723c751e8b465ee728b)  -> (artifact id: 'e1dd03745a0f432ef066611bd2b03ff1') in 0.020072 seconds
  Import took 0.024036 seconds .

========================================================================
Received Import Request.
  Time since last request: 230.558777 seconds.
  path: Assets/Animations/OpeningCutsceneTimeline.playable
  artifactKey: Guid(a080619bdfe8c514fac89e9ee33a0393) Importer(815301076,1909f56bfc062723c751e8b465ee728b)
Start importing Assets/Animations/OpeningCutsceneTimeline.playable using Guid(a080619bdfe8c514fac89e9ee33a0393) Importer(815301076,1909f56bfc062723c751e8b465ee728b)  -> (artifact id: '274770d04e3c2620820869eb15c0ff30') in 0.032761 seconds
  Import took 0.036687 seconds .

========================================================================
Received Import Request.
  Time since last request: 45.702072 seconds.
  path: Assets/Audio/AudioMix.mixer
  artifactKey: Guid(eab6ffd7de8f739448bef7f96a4af27a) Importer(815301076,1909f56bfc062723c751e8b465ee728b)
Start importing Assets/Audio/AudioMix.mixer using Guid(eab6ffd7de8f739448bef7f96a4af27a) Importer(815301076,1909f56bfc062723c751e8b465ee728b)  -> (artifact id: 'a969c5d3e2a3942058416c418a01677a') in 0.005554 seconds
  Import took 0.009392 seconds .

========================================================================
Received Import Request.
  Time since last request: 0.209001 seconds.
  path: Assets/Audio/AudioMix.mixer
  artifactKey: Guid(eab6ffd7de8f739448bef7f96a4af27a) Importer(815301076,1909f56bfc062723c751e8b465ee728b)
Start importing Assets/Audio/AudioMix.mixer using Guid(eab6ffd7de8f739448bef7f96a4af27a) Importer(815301076,1909f56bfc062723c751e8b465ee728b)  -> (artifact id: 'a969c5d3e2a3942058416c418a01677a') in 0.005808 seconds
  Import took 0.010095 seconds .

========================================================================
Received Import Request.
  Time since last request: 4.510765 seconds.
  path: Assets/Audio/AudioMix.mixer
  artifactKey: Guid(eab6ffd7de8f739448bef7f96a4af27a) Importer(815301076,1909f56bfc062723c751e8b465ee728b)
Start importing Assets/Audio/AudioMix.mixer using Guid(eab6ffd7de8f739448bef7f96a4af27a) Importer(815301076,1909f56bfc062723c751e8b465ee728b)  -> (artifact id: '075c8c3eb9979da0d27c130da164c319') in 0.005940 seconds
  Import took 0.010072 seconds .

========================================================================
Received Import Request.
  Time since last request: 125.750095 seconds.
  path: Assets/Scripts/PlayerCollision.cs
  artifactKey: Guid(1ce32b73dbd98914783b66c493e6e18b) Importer(815301076,1909f56bfc062723c751e8b465ee728b)
Start importing Assets/Scripts/PlayerCollision.cs using Guid(1ce32b73dbd98914783b66c493e6e18b) Importer(815301076,1909f56bfc062723c751e8b465ee728b)  -> (artifact id: 'd204cad2b61afada664dc83081ade583') in 0.018299 seconds
  Import took 0.022174 seconds .

========================================================================
Received Prepare
Registering precompiled user dll's ...
Registered in 0.007879 seconds.
Begin MonoManager ReloadAssembly
Native extension for Lumin target not found
Native extension for LinuxStandalone target not found
Native extension for WindowsStandalone target not found
Native extension for OSXStandalone target not found
Native extension for WebGL target not found
Refreshing native plugins compatible for Editor in 0.60 ms, found 2 plugins.
Preloading 0 native plugins for Editor in 0.00 ms.
Mono: successfully reloaded assembly
- Completed reload, in  1.624 seconds
Platform modules already initialized, skipping
Refreshing native plugins compatible for Editor in 0.57 ms, found 2 plugins.
Preloading 0 native plugins for Editor in 0.00 ms.
Unloading 1699 Unused Serialized files (Serialized files now loaded: 0)
System memory in use before: 80.2 MB.
System memory in use after: 80.3 MB.

Unloading 13 unused Assets to reduce memory usage. Loaded Objects now: 2220.
Total: 2.931200 ms (FindLiveObjects: 0.301100 ms CreateObjectMapping: 0.087400 ms MarkObjects: 2.515900 ms  DeleteObjects: 0.025600 ms)

========================================================================
Received Import Request.
  Time since last request: 181.155754 seconds.
  path: Assets/Scripts/PlayerCollision.cs
  artifactKey: Guid(1ce32b73dbd98914783b66c493e6e18b) Importer(815301076,1909f56bfc062723c751e8b465ee728b)
Start importing Assets/Scripts/PlayerCollision.cs using Guid(1ce32b73dbd98914783b66c493e6e18b) Importer(815301076,1909f56bfc062723c751e8b465ee728b)  -> (artifact id: 'a46451e7829a67c87eb38110e0dc273e') in 0.007376 seconds
  Import took 0.011066 seconds .

========================================================================
Received Prepare
Registering precompiled user dll's ...
Registered in 0.007969 seconds.
Begin MonoManager ReloadAssembly
Native extension for Lumin target not found
Native extension for LinuxStandalone target not found
Native extension for WindowsStandalone target not found
Native extension for OSXStandalone target not found
Native extension for WebGL target not found
Refreshing native plugins compatible for Editor in 0.58 ms, found 2 plugins.
Preloading 0 native plugins for Editor in 0.00 ms.
Mono: successfully reloaded assembly
- Completed reload, in  1.610 seconds
Platform modules already initialized, skipping
Refreshing native plugins compatible for Editor in 0.63 ms, found 2 plugins.
Preloading 0 native plugins for Editor in 0.00 ms.
Unloading 1699 Unused Serialized files (Serialized files now loaded: 0)
System memory in use before: 80.2 MB.
System memory in use after: 80.3 MB.

Unloading 13 unused Assets to reduce memory usage. Loaded Objects now: 2223.
Total: 5.278600 ms (FindLiveObjects: 0.416200 ms CreateObjectMapping: 0.105100 ms MarkObjects: 4.725400 ms  DeleteObjects: 0.030100 ms)

========================================================================
Received Prepare
Registering precompiled user dll's ...
Registered in 0.008985 seconds.
Begin MonoManager ReloadAssembly
Native extension for Lumin target not found
Native extension for LinuxStandalone target not found
Native extension for WindowsStandalone target not found
Native extension for OSXStandalone target not found
Native extension for WebGL target not found
Refreshing native plugins compatible for Editor in 0.56 ms, found 2 plugins.
Preloading 0 native plugins for Editor in 0.00 ms.
Mono: successfully reloaded assembly
- Completed reload, in  1.610 seconds
Platform modules already initialized, skipping
Refreshing native plugins compatible for Editor in 0.55 ms, found 2 plugins.
Preloading 0 native plugins for Editor in 0.00 ms.
Unloading 1699 Unused Serialized files (Serialized files now loaded: 0)
System memory in use before: 80.2 MB.
System memory in use after: 80.3 MB.

Unloading 13 unused Assets to reduce memory usage. Loaded Objects now: 2226.
Total: 3.005600 ms (FindLiveObjects: 0.307900 ms CreateObjectMapping: 0.085000 ms MarkObjects: 2.587300 ms  DeleteObjects: 0.024000 ms)

========================================================================
Received Import Request.
  Time since last request: 369.181102 seconds.
  path: Assets/Scenes/Main Menu.unity
  artifactKey: Guid(22df2cda1e6fc6540b0946f8009199b1) Importer(815301076,1909f56bfc062723c751e8b465ee728b)
Start importing Assets/Scenes/Main Menu.unity using Guid(22df2cda1e6fc6540b0946f8009199b1) Importer(815301076,1909f56bfc062723c751e8b465ee728b)  -> (artifact id: '5c3f23c4000d4ac408212980add994ca') in 0.021453 seconds
  Import took 0.025757 seconds .

========================================================================
Received Prepare
Registering precompiled user dll's ...
Registered in 0.008275 seconds.
Begin MonoManager ReloadAssembly
Native extension for Lumin target not found
Native extension for LinuxStandalone target not found
Native extension for WindowsStandalone target not found
Native extension for OSXStandalone target not found
Native extension for WebGL target not found
Refreshing native plugins compatible for Editor in 0.58 ms, found 2 plugins.
Preloading 0 native plugins for Editor in 0.00 ms.
Mono: successfully reloaded assembly
- Completed reload, in  1.654 seconds
Platform modules already initialized, skipping
Refreshing native plugins compatible for Editor in 0.60 ms, found 2 plugins.
Preloading 0 native plugins for Editor in 0.00 ms.
Unloading 1699 Unused Serialized files (Serialized files now loaded: 0)
System memory in use before: 80.2 MB.
System memory in use after: 80.3 MB.

Unloading 13 unused Assets to reduce memory usage. Loaded Objects now: 2229.
Total: 3.022000 ms (FindLiveObjects: 0.340700 ms CreateObjectMapping: 0.089300 ms MarkObjects: 2.568700 ms  DeleteObjects: 0.021700 ms)

========================================================================
Received Prepare
Registering precompiled user dll's ...
Registered in 0.009126 seconds.
Begin MonoManager ReloadAssembly
Native extension for Lumin target not found
Native extension for LinuxStandalone target not found
Native extension for WindowsStandalone target not found
Native extension for OSXStandalone target not found
Native extension for WebGL target not found
Refreshing native plugins compatible for Editor in 0.59 ms, found 2 plugins.
Preloading 0 native plugins for Editor in 0.00 ms.
Mono: successfully reloaded assembly
- Completed reload, in  1.828 seconds
Platform modules already initialized, skipping
Refreshing native plugins compatible for Editor in 0.57 ms, found 2 plugins.
Preloading 0 native plugins for Editor in 0.00 ms.
Unloading 1699 Unused Serialized files (Serialized files now loaded: 0)
System memory in use before: 80.2 MB.
System memory in use after: 80.3 MB.

Unloading 13 unused Assets to reduce memory usage. Loaded Objects now: 2232.
Total: 3.196000 ms (FindLiveObjects: 0.325800 ms CreateObjectMapping: 0.085600 ms MarkObjects: 2.744600 ms  DeleteObjects: 0.038500 ms)

========================================================================
Received Prepare
Registering precompiled user dll's ...
Registered in 0.008116 seconds.
Begin MonoManager ReloadAssembly
Native extension for Lumin target not found
Native extension for LinuxStandalone target not found
Native extension for WindowsStandalone target not found
Native extension for OSXStandalone target not found
Native extension for WebGL target not found
Refreshing native plugins compatible for Editor in 0.60 ms, found 2 plugins.
Preloading 0 native plugins for Editor in 0.00 ms.
Mono: successfully reloaded assembly
- Completed reload, in  1.620 seconds
Platform modules already initialized, skipping
Refreshing native plugins compatible for Editor in 0.59 ms, found 2 plugins.
Preloading 0 native plugins for Editor in 0.00 ms.
Unloading 1699 Unused Serialized files (Serialized files now loaded: 0)
System memory in use before: 80.2 MB.
System memory in use after: 80.3 MB.

Unloading 13 unused Assets to reduce memory usage. Loaded Objects now: 2235.
Total: 2.887600 ms (FindLiveObjects: 0.332500 ms CreateObjectMapping: 0.083900 ms MarkObjects: 2.447400 ms  DeleteObjects: 0.022300 ms)

========================================================================
Received Prepare
Registering precompiled user dll's ...
Registered in 0.008032 seconds.
Begin MonoManager ReloadAssembly
Native extension for Lumin target not found
Native extension for LinuxStandalone target not found
Native extension for WindowsStandalone target not found
Native extension for OSXStandalone target not found
Native extension for WebGL target not found
Refreshing native plugins compatible for Editor in 0.59 ms, found 2 plugins.
Preloading 0 native plugins for Editor in 0.00 ms.
Mono: successfully reloaded assembly
- Completed reload, in  1.618 seconds
Platform modules already initialized, skipping
Refreshing native plugins compatible for Editor in 0.58 ms, found 2 plugins.
Preloading 0 native plugins for Editor in 0.00 ms.
Unloading 1699 Unused Serialized files (Serialized files now loaded: 0)
System memory in use before: 80.2 MB.
System memory in use after: 80.3 MB.

Unloading 13 unused Assets to reduce memory usage. Loaded Objects now: 2238.
Total: 2.857400 ms (FindLiveObjects: 0.330900 ms CreateObjectMapping: 0.083900 ms MarkObjects: 2.414900 ms  DeleteObjects: 0.026400 ms)

========================================================================
Received Prepare
Registering precompiled user dll's ...
Registered in 0.009217 seconds.
Begin MonoManager ReloadAssembly
Native extension for Lumin target not found
Native extension for LinuxStandalone target not found
Native extension for WindowsStandalone target not found
Native extension for OSXStandalone target not found
Native extension for WebGL target not found
Refreshing native plugins compatible for Editor in 0.59 ms, found 2 plugins.
Preloading 0 native plugins for Editor in 0.00 ms.
Mono: successfully reloaded assembly
- Completed reload, in  1.606 seconds
Platform modules already initialized, skipping
Refreshing native plugins compatible for Editor in 0.59 ms, found 2 plugins.
Preloading 0 native plugins for Editor in 0.00 ms.
Unloading 1699 Unused Serialized files (Serialized files now loaded: 0)
System memory in use before: 80.2 MB.
System memory in use after: 80.3 MB.

Unloading 13 unused Assets to reduce memory usage. Loaded Objects now: 2241.
Total: 3.314600 ms (FindLiveObjects: 0.391600 ms CreateObjectMapping: 0.086400 ms MarkObjects: 2.809300 ms  DeleteObjects: 0.025500 ms)

========================================================================
Received Prepare
Registering precompiled user dll's ...
Registered in 0.008486 seconds.
Begin MonoManager ReloadAssembly
Native extension for Lumin target not found
Native extension for LinuxStandalone target not found
Native extension for WindowsStandalone target not found
Native extension for OSXStandalone target not found
Native extension for WebGL target not found
Refreshing native plugins compatible for Editor in 0.58 ms, found 2 plugins.
Preloading 0 native plugins for Editor in 0.00 ms.
Mono: successfully reloaded assembly
- Completed reload, in  1.666 seconds
Platform modules already initialized, skipping
Refreshing native plugins compatible for Editor in 0.59 ms, found 2 plugins.
Preloading 0 native plugins for Editor in 0.00 ms.
Unloading 1699 Unused Serialized files (Serialized files now loaded: 0)
System memory in use before: 80.3 MB.
System memory in use after: 80.4 MB.

Unloading 13 unused Assets to reduce memory usage. Loaded Objects now: 2244.
Total: 2.993000 ms (FindLiveObjects: 0.310700 ms CreateObjectMapping: 0.088300 ms MarkObjects: 2.571400 ms  DeleteObjects: 0.021300 ms)

========================================================================
Received Prepare
Registering precompiled user dll's ...
Registered in 0.008447 seconds.
Begin MonoManager ReloadAssembly
Native extension for Lumin target not found
Native extension for LinuxStandalone target not found
Native extension for WindowsStandalone target not found
Native extension for OSXStandalone target not found
Native extension for WebGL target not found
Refreshing native plugins compatible for Editor in 0.70 ms, found 2 plugins.
Preloading 0 native plugins for Editor in 0.00 ms.
Mono: successfully reloaded assembly
- Completed reload, in  1.629 seconds
Platform modules already initialized, skipping
Refreshing native plugins compatible for Editor in 0.57 ms, found 2 plugins.
Preloading 0 native plugins for Editor in 0.00 ms.
Unloading 1699 Unused Serialized files (Serialized files now loaded: 0)
System memory in use before: 80.3 MB.
System memory in use after: 80.4 MB.

Unloading 13 unused Assets to reduce memory usage. Loaded Objects now: 2247.
Total: 3.454300 ms (FindLiveObjects: 0.335300 ms CreateObjectMapping: 0.090900 ms MarkObjects: 2.998500 ms  DeleteObjects: 0.028100 ms)

========================================================================
Received Import Request.
  Time since last request: 840.399332 seconds.
  path: Assets/Audio/AudioMix.mixer
  artifactKey: Guid(eab6ffd7de8f739448bef7f96a4af27a) Importer(815301076,1909f56bfc062723c751e8b465ee728b)
Start importing Assets/Audio/AudioMix.mixer using Guid(eab6ffd7de8f739448bef7f96a4af27a) Importer(815301076,1909f56bfc062723c751e8b465ee728b)  -> (artifact id: 'e084e26e2b3dcb57f9f70819f89ba1a5') in 0.024132 seconds
  Import took 0.028060 seconds .

========================================================================
Received Import Request.
  Time since last request: 0.000357 seconds.
  path: Assets/Audio/ThemeMusic.prefab
  artifactKey: Guid(9ee98ca6b461446418d51bda3e9445a9) Importer(815301076,1909f56bfc062723c751e8b465ee728b)
Start importing Assets/Audio/ThemeMusic.prefab using Guid(9ee98ca6b461446418d51bda3e9445a9) Importer(815301076,1909f56bfc062723c751e8b465ee728b)  -> (artifact id: '4ff458253b21974206e407684629b260') in 0.026022 seconds
  Import took 0.029981 seconds .

========================================================================
Received Prepare
Refreshing native plugins compatible for Editor in 5.67 ms, found 2 plugins.
Preloading 0 native plugins for Editor in 0.00 ms.
Unloading 11 Unused Serialized files (Serialized files now loaded: 0)
System memory in use before: 47.0 MB.
System memory in use after: 47.1 MB.

Unloading 11 unused Assets to reduce memory usage. Loaded Objects now: 2247.
Total: 3.590900 ms (FindLiveObjects: 0.370500 ms CreateObjectMapping: 0.085300 ms MarkObjects: 3.114600 ms  DeleteObjects: 0.018900 ms)

AssetImportWorkerClient::OnTransportError - code=2 error=End of file
